<?xml version="1.0" encoding="UTF-8"?>
<!-- Generated by org.testng.reporters.JUnitReportReporter -->
<testsuite hostname="LAPTOP-KF51IQR9" name="suiteListenerExample.Testclass" tests="1" failures="0" timestamp="18 Sep 2019 07:01:48 GMT" time="0.007" errors="0">
  <testcase name="t" time="0.007" classname="suiteListenerExample.Testclass"/>
</testsuite> <!-- suiteListenerExample.Testclass -->
