<?xml version="1.0" encoding="UTF-8"?>
<!-- Generated by org.testng.reporters.JUnitReportReporter -->
<testsuite hostname="LAPTOP-KF51IQR9" name="IExecutionListenerexmple.Secondclss" tests="1" failures="0" timestamp="18 Sep 2019 07:00:59 GMT" time="0.008" errors="0">
  <testcase name="to" time="0.008" classname="IExecutionListenerexmple.Secondclss"/>
</testsuite> <!-- IExecutionListenerexmple.Secondclss -->
