<?xml version="1.0" encoding="UTF-8"?>
<!-- Generated by org.testng.reporters.JUnitReportReporter -->
<testsuite hostname="LAPTOP-KF51IQR9" name="testinf.TestClass" tests="1" failures="0" timestamp="4 Sep 2019 14:16:35 GMT" time="0.007" errors="0">
  <testcase name="t" time="0.007" classname="testinf.TestClass"/>
</testsuite> <!-- testinf.TestClass -->
