<?xml version="1.0" encoding="UTF-8"?>
<!-- Generated by org.testng.reporters.JUnitReportReporter -->
<testsuite hostname="LAPTOP-KF51IQR9" name="IExecutionListenerexmple.TestClass" tests="1" failures="0" timestamp="18 Sep 2019 07:00:59 GMT" time="0.001" errors="0">
  <testcase name="t" time="0.001" classname="IExecutionListenerexmple.TestClass"/>
</testsuite> <!-- IExecutionListenerexmple.TestClass -->
